<?xml version="1.0" encoding="UTF-8"?>
<testsuite name="com.example.seatApp.SeatAppApplicationTests" tests="1" skipped="0" failures="0" errors="0" timestamp="2024-06-12T02:27:50" hostname="RNTM0332.local" time="0.521">
  <properties/>
  <testcase name="PUTリクエストはUserオブジェクトを更新する()" classname="com.example.seatApp.SeatAppApplicationTests" time="0.521"/>
  <system-out><![CDATA[11:27:49.771 [Test worker] INFO org.springframework.test.context.support.AnnotationConfigContextLoaderUtils -- Could not detect default configuration classes for test class [com.example.seatApp.SeatAppApplicationTests]: SeatAppApplicationTests does not declare any static, non-private, non-final, nested classes annotated with @Configuration.
11:27:49.818 [Test worker] INFO org.springframework.boot.test.context.SpringBootTestContextBootstrapper -- Found @SpringBootConfiguration com.example.seatApp.SeatAppApplication for test class com.example.seatApp.SeatAppApplicationTests
  .   ____          _            __ _ _
 /\\ / ___'_ __ _ _(_)_ __  __ _ \ \ \ \
( ( )\___ | '_ | '_| | '_ \/ _` | \ \ \ \
 \\/  ___)| |_)| | | | | || (_| |  ) ) ) )
  '  |____| .__|_| |_|_| |_\__, | / / / /
 =========|_|==============|___/=/_/_/_/

 :: Spring Boot ::                (v3.3.0)

2024-06-12T11:27:49.966+09:00  INFO 43123 --- [seatApp] [    Test worker] c.e.seatApp.SeatAppApplicationTests      : Starting SeatAppApplicationTests using Java 21.0.3 with PID 43123 (started by user in /Users/user/seatApp)
2024-06-12T11:27:49.966+09:00  INFO 43123 --- [seatApp] [    Test worker] c.e.seatApp.SeatAppApplicationTests      : No active profile set, falling back to 1 default profile: "default"
2024-06-12T11:27:50.202+09:00  INFO 43123 --- [seatApp] [    Test worker] .s.d.r.c.RepositoryConfigurationDelegate : Bootstrapping Spring Data JDBC repositories in DEFAULT mode.
2024-06-12T11:27:50.210+09:00  INFO 43123 --- [seatApp] [    Test worker] .s.d.r.c.RepositoryConfigurationDelegate : Finished Spring Data repository scanning in 6 ms. Found 0 JDBC repository interfaces.
2024-06-12T11:27:50.407+09:00  INFO 43123 --- [seatApp] [    Test worker] o.s.b.w.embedded.tomcat.TomcatWebServer  : Tomcat initialized with port 0 (http)
2024-06-12T11:27:50.414+09:00  INFO 43123 --- [seatApp] [    Test worker] o.apache.catalina.core.StandardService   : Starting service [Tomcat]
2024-06-12T11:27:50.414+09:00  INFO 43123 --- [seatApp] [    Test worker] o.apache.catalina.core.StandardEngine    : Starting Servlet engine: [Apache Tomcat/10.1.24]
2024-06-12T11:27:50.436+09:00  INFO 43123 --- [seatApp] [    Test worker] o.a.c.c.C.[Tomcat].[localhost].[/]       : Initializing Spring embedded WebApplicationContext
2024-06-12T11:27:50.436+09:00  INFO 43123 --- [seatApp] [    Test worker] w.s.c.ServletWebServerApplicationContext : Root WebApplicationContext: initialization completed in 462 ms
2024-06-12T11:27:50.548+09:00  INFO 43123 --- [seatApp] [    Test worker] com.zaxxer.hikari.HikariDataSource       : HikariPool-1 - Starting...
2024-06-12T11:27:50.584+09:00  INFO 43123 --- [seatApp] [    Test worker] com.zaxxer.hikari.pool.HikariPool        : HikariPool-1 - Added connection org.postgresql.jdbc.PgConnection@3d0d120b
2024-06-12T11:27:50.585+09:00  INFO 43123 --- [seatApp] [    Test worker] com.zaxxer.hikari.HikariDataSource       : HikariPool-1 - Start completed.
2024-06-12T11:27:50.598+09:00  INFO 43123 --- [seatApp] [    Test worker] org.flywaydb.core.FlywayExecutor         : Database: jdbc:postgresql://localhost/seatdb (PostgreSQL 14.12)
2024-06-12T11:27:50.612+09:00  INFO 43123 --- [seatApp] [    Test worker] o.f.c.i.s.JdbcTableSchemaHistory         : Schema history table "public"."flyway_schema_history" does not exist yet
2024-06-12T11:27:50.613+09:00  INFO 43123 --- [seatApp] [    Test worker] o.f.core.internal.command.DbValidate     : Successfully validated 3 migrations (execution time 00:00.007s)
2024-06-12T11:27:50.621+09:00  INFO 43123 --- [seatApp] [    Test worker] o.f.c.i.s.JdbcTableSchemaHistory         : Creating Schema History table "public"."flyway_schema_history" ...
2024-06-12T11:27:50.650+09:00  INFO 43123 --- [seatApp] [    Test worker] o.f.core.internal.command.DbMigrate      : Current version of schema "public": << Empty Schema >>
2024-06-12T11:27:50.652+09:00  INFO 43123 --- [seatApp] [    Test worker] o.f.core.internal.command.DbMigrate      : Migrating schema "public" to version "1 - create users table"
2024-06-12T11:27:50.665+09:00  INFO 43123 --- [seatApp] [    Test worker] o.f.core.internal.command.DbMigrate      : Migrating schema "public" to version "2 - create seats table"
2024-06-12T11:27:50.673+09:00  INFO 43123 --- [seatApp] [    Test worker] o.f.core.internal.command.DbMigrate      : Migrating schema "public" to version "3 - create status table"
2024-06-12T11:27:50.681+09:00  INFO 43123 --- [seatApp] [    Test worker] o.f.core.internal.command.DbMigrate      : Successfully applied 3 migrations to schema "public", now at version v3 (execution time 00:00.011s)
2024-06-12T11:27:50.736+09:00  INFO 43123 --- [seatApp] [    Test worker] o.s.b.a.w.s.WelcomePageHandlerMapping    : Adding welcome page: class path resource [static/index.html]
2024-06-12T11:27:50.928+09:00  INFO 43123 --- [seatApp] [    Test worker] o.s.b.w.embedded.tomcat.TomcatWebServer  : Tomcat started on port 50948 (http) with context path '/'
2024-06-12T11:27:50.932+09:00  INFO 43123 --- [seatApp] [    Test worker] c.e.seatApp.SeatAppApplicationTests      : Started SeatAppApplicationTests in 1.059 seconds (process running for 1.483)
2024-06-12T11:27:51.383+09:00  INFO 43123 --- [seatApp] [o-auto-1-exec-1] o.a.c.c.C.[Tomcat].[localhost].[/]       : Initializing Spring DispatcherServlet 'dispatcherServlet'
2024-06-12T11:27:51.383+09:00  INFO 43123 --- [seatApp] [o-auto-1-exec-1] o.s.web.servlet.DispatcherServlet        : Initializing Servlet 'dispatcherServlet'
2024-06-12T11:27:51.384+09:00  INFO 43123 --- [seatApp] [o-auto-1-exec-1] o.s.web.servlet.DispatcherServlet        : Completed initialization in 0 ms
--@PutMapping--
--run putSeat--
[Lcom.example.seatApp.Seat;@6765b6a2
]]></system-out>
  <system-err><![CDATA[WARNING: A Java agent has been loaded dynamically (/Users/user/.gradle/caches/modules-2/files-2.1/net.bytebuddy/byte-buddy-agent/1.14.16/4a451ee6484abac3a498df0f3b33ed00a6fced4d/byte-buddy-agent-1.14.16.jar)
WARNING: If a serviceability tool is in use, please run with -XX:+EnableDynamicAgentLoading to hide this warning
WARNING: If a serviceability tool is not in use, please run with -Djdk.instrument.traceUsage for more information
WARNING: Dynamic loading of agents will be disallowed by default in a future release
]]></system-err>
</testsuite>
