<?xml version="1.0" encoding="UTF-8"?>
<testsuite name="com.example.seatApp.SeatAppApplicationTests" tests="12" skipped="0" failures="0" errors="0" timestamp="2024-06-12T11:40:51" hostname="RNTM0332.local" time="0.674">
  <properties/>
  <testcase name="GETリクエストはuserオブジェクトのリストを返す()" classname="com.example.seatApp.SeatAppApplicationTests" time="0.459"/>
  <testcase name="GETリクエストはOKステータスを返す()" classname="com.example.seatApp.SeatAppApplicationTests" time="0.015"/>
  <testcase name="DELETEリクエストはOKステータスを返す()" classname="com.example.seatApp.SeatAppApplicationTests" time="0.031"/>
  <testcase name="POSTリクエストはUserオブジェクトを格納する()" classname="com.example.seatApp.SeatAppApplicationTests" time="0.022"/>
  <testcase name="GETリクエストはseatオブジェクトのリストを返す()" classname="com.example.seatApp.SeatAppApplicationTests" time="0.02"/>
  <testcase name="DELETEリクエストはUserオブジェクトを削除する()" classname="com.example.seatApp.SeatAppApplicationTests" time="0.022"/>
  <testcase name="PUTリクエストはUserオブジェクトを更新する()" classname="com.example.seatApp.SeatAppApplicationTests" time="0.026"/>
  <testcase name="PUTリクエストはOKステータスを返す()" classname="com.example.seatApp.SeatAppApplicationTests" time="0.018"/>
  <testcase name="POSTリクエストはOKステータスを返す()" classname="com.example.seatApp.SeatAppApplicationTests" time="0.016"/>
  <testcase name="contextLoads()" classname="com.example.seatApp.SeatAppApplicationTests" time="0.011"/>
  <testcase name="最初のテスト()" classname="com.example.seatApp.SeatAppApplicationTests" time="0.009"/>
  <testcase name="GETリクエスト(seat)はOKステータスを返す()" classname="com.example.seatApp.SeatAppApplicationTests" time="0.014"/>
  <system-out><![CDATA[20:40:50.417 [Test worker] INFO org.springframework.test.context.support.AnnotationConfigContextLoaderUtils -- Could not detect default configuration classes for test class [com.example.seatApp.SeatAppApplicationTests]: SeatAppApplicationTests does not declare any static, non-private, non-final, nested classes annotated with @Configuration.
20:40:50.453 [Test worker] INFO org.springframework.boot.test.context.SpringBootTestContextBootstrapper -- Found @SpringBootConfiguration com.example.seatApp.SeatAppApplication for test class com.example.seatApp.SeatAppApplicationTests
  .   ____          _            __ _ _
 /\\ / ___'_ __ _ _(_)_ __  __ _ \ \ \ \
( ( )\___ | '_ | '_| | '_ \/ _` | \ \ \ \
 \\/  ___)| |_)| | | | | || (_| |  ) ) ) )
  '  |____| .__|_| |_|_| |_\__, | / / / /
 =========|_|==============|___/=/_/_/_/

 :: Spring Boot ::                (v3.3.0)

2024-06-12T20:40:50.578+09:00  INFO 57935 --- [seatApp] [    Test worker] c.e.seatApp.SeatAppApplicationTests      : Starting SeatAppApplicationTests using Java 21.0.3 with PID 57935 (started by user in /Users/user/seatapp)
2024-06-12T20:40:50.578+09:00  INFO 57935 --- [seatApp] [    Test worker] c.e.seatApp.SeatAppApplicationTests      : No active profile set, falling back to 1 default profile: "default"
2024-06-12T20:40:50.769+09:00  INFO 57935 --- [seatApp] [    Test worker] .s.d.r.c.RepositoryConfigurationDelegate : Bootstrapping Spring Data JDBC repositories in DEFAULT mode.
2024-06-12T20:40:50.778+09:00  INFO 57935 --- [seatApp] [    Test worker] .s.d.r.c.RepositoryConfigurationDelegate : Finished Spring Data repository scanning in 5 ms. Found 0 JDBC repository interfaces.
2024-06-12T20:40:50.950+09:00  INFO 57935 --- [seatApp] [    Test worker] o.s.b.w.embedded.tomcat.TomcatWebServer  : Tomcat initialized with port 0 (http)
2024-06-12T20:40:50.954+09:00  INFO 57935 --- [seatApp] [    Test worker] o.apache.catalina.core.StandardService   : Starting service [Tomcat]
2024-06-12T20:40:50.954+09:00  INFO 57935 --- [seatApp] [    Test worker] o.apache.catalina.core.StandardEngine    : Starting Servlet engine: [Apache Tomcat/10.1.24]
2024-06-12T20:40:50.975+09:00  INFO 57935 --- [seatApp] [    Test worker] o.a.c.c.C.[Tomcat].[localhost].[/]       : Initializing Spring embedded WebApplicationContext
2024-06-12T20:40:50.976+09:00  INFO 57935 --- [seatApp] [    Test worker] w.s.c.ServletWebServerApplicationContext : Root WebApplicationContext: initialization completed in 391 ms
2024-06-12T20:40:51.064+09:00  INFO 57935 --- [seatApp] [    Test worker] com.zaxxer.hikari.HikariDataSource       : HikariPool-1 - Starting...
2024-06-12T20:40:51.107+09:00  INFO 57935 --- [seatApp] [    Test worker] com.zaxxer.hikari.pool.HikariPool        : HikariPool-1 - Added connection org.postgresql.jdbc.PgConnection@2b44605c
2024-06-12T20:40:51.107+09:00  INFO 57935 --- [seatApp] [    Test worker] com.zaxxer.hikari.HikariDataSource       : HikariPool-1 - Start completed.
2024-06-12T20:40:51.120+09:00  INFO 57935 --- [seatApp] [    Test worker] org.flywaydb.core.FlywayExecutor         : Database: jdbc:postgresql://localhost/seatdb (PostgreSQL 14.12)
2024-06-12T20:40:51.140+09:00  INFO 57935 --- [seatApp] [    Test worker] o.f.core.internal.command.DbValidate     : Successfully validated 3 migrations (execution time 00:00.011s)
2024-06-12T20:40:51.151+09:00  INFO 57935 --- [seatApp] [    Test worker] o.f.core.internal.command.DbMigrate      : Current version of schema "public": 3
2024-06-12T20:40:51.152+09:00  INFO 57935 --- [seatApp] [    Test worker] o.f.core.internal.command.DbMigrate      : Schema "public" is up to date. No migration necessary.
2024-06-12T20:40:51.195+09:00  INFO 57935 --- [seatApp] [    Test worker] o.s.b.a.w.s.WelcomePageHandlerMapping    : Adding welcome page: class path resource [static/index.html]
2024-06-12T20:40:51.349+09:00  INFO 57935 --- [seatApp] [    Test worker] o.s.b.w.embedded.tomcat.TomcatWebServer  : Tomcat started on port 55736 (http) with context path '/'
2024-06-12T20:40:51.353+09:00  INFO 57935 --- [seatApp] [    Test worker] c.e.seatApp.SeatAppApplicationTests      : Started SeatAppApplicationTests in 0.855 seconds (process running for 1.248)
2024-06-12T20:40:51.757+09:00  INFO 57935 --- [seatApp] [o-auto-1-exec-1] o.a.c.c.C.[Tomcat].[localhost].[/]       : Initializing Spring DispatcherServlet 'dispatcherServlet'
2024-06-12T20:40:51.758+09:00  INFO 57935 --- [seatApp] [o-auto-1-exec-1] o.s.web.servlet.DispatcherServlet        : Initializing Servlet 'dispatcherServlet'
2024-06-12T20:40:51.758+09:00  INFO 57935 --- [seatApp] [o-auto-1-exec-1] o.s.web.servlet.DispatcherServlet        : Completed initialization in 0 ms
--@PostMapping--
--run postUser--
--useRequest.name--,なかの
--@deleteMapping--
--name--,なかの
--UserRequest(name)--,com.example.seatApp.UserRequest@44ce9641
--UserRequest(name).name--,なかの
--run deleteUser--
--useRequest.name--,なかの
--@PostMapping--
--run postUser--
--useRequest.name--,なかの
postResponse
1
--@PostMapping--
--run postUser--
--useRequest.name--,なかの
--@deleteMapping--
--name--,なかの
--UserRequest(name)--,com.example.seatApp.UserRequest@6500d3a4
--UserRequest(name).name--,なかの
--run deleteUser--
--useRequest.name--,なかの
[Lcom.example.seatApp.User;@31450fc0
[Lcom.example.seatApp.User;@52b30dcd
--@PutMapping--
--run putSeat--
[Lcom.example.seatApp.Seat;@59ec5a0b
--@PutMapping--
--run putSeat--
--@PostMapping--
--run postUser--
--useRequest.name--,なかの
]]></system-out>
  <system-err><![CDATA[WARNING: A Java agent has been loaded dynamically (/Users/user/.gradle/caches/modules-2/files-2.1/net.bytebuddy/byte-buddy-agent/1.14.16/4a451ee6484abac3a498df0f3b33ed00a6fced4d/byte-buddy-agent-1.14.16.jar)
WARNING: If a serviceability tool is in use, please run with -XX:+EnableDynamicAgentLoading to hide this warning
WARNING: If a serviceability tool is not in use, please run with -Djdk.instrument.traceUsage for more information
WARNING: Dynamic loading of agents will be disallowed by default in a future release
]]></system-err>
</testsuite>
